<?xml version="1.0" encoding="UTF-8"?>
<!-- Generated by org.testng.reporters.JUnitReportReporter -->
<testsuite hostname="DESKTOP-QRQRH7B" failures="0" tests="2" name="Academy.LandingPagetestcase" time="21.882" errors="0" timestamp="2022-04-18T21:52:30 SAST" skipped="0">
  <testcase classname="Academy.LandingPagetestcase" name="popularcatagory" time="7.621"/>
  <system-out/>
  <testcase classname="Academy.LandingPagetestcase" name="NavigateToWomen" time="14.261"/>
  <system-out/>
</testsuite> <!-- Academy.LandingPagetestcase -->
