<?xml version="1.0" encoding="UTF-8"?>
<!-- Generated by org.testng.reporters.JUnitReportReporter -->
<testsuite hostname="DESKTOP-QRQRH7B" failures="0" tests="1" name="Academy.Signintestcase" time="28.360" errors="0" timestamp="2022-04-18T21:48:37 SAST" skipped="0">
  <testcase classname="Academy.Signintestcase" name="baseTestNavigation" time="28.360"/>
  <system-out/>
</testsuite> <!-- Academy.Signintestcase -->
